2009-11-16T15:00:32-06:00 - setup.php - IP:72.51.33.239
2009-11-16T15:00:32-06:00 - setup.php - syspath:/var/www/html/demo01
2009-11-16T15:00:32-06:00 - setup.php - nroot:
2009-11-16T15:06:36-06:00 - process.php - BaseDir: /var/www/html/demo01
2009-11-16T15:06:36-06:00 - process.php - WebRoot: http://demo01.kontrollbase/
2009-11-16T15:06:36-06:00 - process.php - Starting get_revision function
2009-11-16T15:06:36-06:00 - process.php - version_file:/var/www/html/demo01/version.txt
2009-11-16T15:06:36-06:00 - process.php - revid:228
2009-11-16T15:06:36-06:00 - process.php - Installation beginning
2009-11-16T15:06:36-06:00 - process.php - Beggining PHP prerequisite checks
2009-11-16T15:06:36-06:00 - process.php - Prerequisite dom located
2009-11-16T15:06:36-06:00 - process.php - Unable to locate mbstring prerequisite
2009-11-16T15:07:04-06:00 - process.php - BaseDir: /var/www/html/demo01
2009-11-16T15:07:04-06:00 - process.php - WebRoot: http://demo01.kontrollbase.com/
2009-11-16T15:07:04-06:00 - process.php - Starting get_revision function
2009-11-16T15:07:04-06:00 - process.php - version_file:/var/www/html/demo01/version.txt
2009-11-16T15:07:04-06:00 - process.php - revid:228
2009-11-16T15:07:04-06:00 - process.php - Installation beginning
2009-11-16T15:07:04-06:00 - process.php - Beggining PHP prerequisite checks
2009-11-16T15:07:04-06:00 - process.php - Prerequisite dom located
2009-11-16T15:07:04-06:00 - process.php - Prerequisite mbstring located
2009-11-16T15:07:04-06:00 - process.php - Prerequisite mysql located
2009-11-16T15:07:04-06:00 - process.php - Prerequisite xml located
2009-11-16T15:07:04-06:00 - process.php - Beggining Perl prerequisite checks
2009-11-16T15:07:04-06:00 - process.php - Beggining Perl prerequisite checks
2009-11-16T15:07:04-06:00 - process.php - Prerequisite XML/Parser.pm located
2009-11-16T15:07:04-06:00 - process.php - Prerequisite XML/SimpleObject.pm located
2009-11-16T15:07:04-06:00 - process.php - Prerequisite DBI.pm located
2009-11-16T15:07:04-06:00 - process.php - Prerequisite /Math/Calc/Units.pm located
2009-11-16T15:07:04-06:00 - process.php - starting db install for localhost,kb_admin,kontrollbase
2009-11-16T15:07:04-06:00 - process.php - Selecting database kontrollbase
2009-11-16T15:07:04-06:00 - process.php - Starting makefile for /var/www/html/demo01/system/application/config/config.php
2009-11-16T15:07:04-06:00 - process.php - /var/www/html/demo01/system/application/config/config.php created successfully
2009-11-16T15:07:04-06:00 - process.php - Starting makefile for /var/www/html/demo01/system/application/config/database.php
2009-11-16T15:07:04-06:00 - process.php - /var/www/html/demo01/system/application/config/database.php created successfully
2009-11-16T15:07:04-06:00 - process.php - success, end.
